<?xml version="1.0" encoding="UTF-8"?>
<testng-results total="1" passed="1" failed="0" skipped="0">
  <reporter-output>
  </reporter-output>
  <suite started-at="2023-03-07T17:21:12Z" name="Default suite" finished-at="2023-03-07T17:21:12Z" duration-ms="67">
    <groups>
    </groups>
    <test started-at="2023-03-07T17:21:12Z" name="Default test" finished-at="2023-03-07T17:21:12Z" duration-ms="67">
      <class name="Practise.Streams">
        <test-method signature="stremCollect()[pri:0, instance:Practise.Streams@38604b81]" started-at="2023-03-07T22:51:12Z" name="stremCollect" finished-at="2023-03-07T22:51:12Z" duration-ms="29" status="PASS">
          <reporter-output>
          </reporter-output>
        </test-method> <!-- stremCollect -->
      </class> <!-- Practise.Streams -->
    </test> <!-- Default test -->
  </suite> <!-- Default suite -->
</testng-results>
